<?xml version="1.0" encoding="UTF-8"?>
<!-- Generated by org.testng.reporters.JUnitReportReporter -->
<testsuite skipped="0" hostname="DESKTOP-954JB5E" name="com.maven.One" tests="1" failures="0" timestamp="19 Mar 2022 10:04:50 GMT" time="5.081" errors="0">
  <testcase name="inernet" time="5.081" classname="com.maven.One"/>
</testsuite> <!-- com.maven.One -->
